
*** Running vivado
    with args -log stop_watch_test.vds -m64 -product Vivado -mode batch -messageDb vivado.pb -notrace -source stop_watch_test.tcl


****** Vivado v2017.4 (64-bit)
  **** SW Build 2086221 on Fri Dec 15 20:55:39 MST 2017
  **** IP Build 2085800 on Fri Dec 15 22:25:07 MST 2017
    ** Copyright 1986-2017 Xilinx, Inc. All Rights Reserved.

Sourcing tcl script 'C:/Users/dslog/AppData/Roaming/Xilinx/Vivado/Vivado_init.tcl'
source stop_watch_test.tcl -notrace
Command: synth_design -top stop_watch_test -part xc7a35tcpg236-1
Starting synth_design
Attempting to get a license for feature 'Synthesis' and/or device 'xc7a35t'
INFO: [Common 17-349] Got license for feature 'Synthesis' and/or device 'xc7a35t'
INFO: Launching helper process for spawning children vivado processes
INFO: Helper process launched with PID 15452 
---------------------------------------------------------------------------------
Starting RTL Elaboration : Time (s): cpu = 00:00:09 ; elapsed = 00:00:10 . Memory (MB): peak = 363.996 ; gain = 97.641
---------------------------------------------------------------------------------
INFO: [Synth 8-638] synthesizing module 'stop_watch_test' [C:/Users/dslog/Documents/College/3C7/3C7-Lab-G/stop_watch_test.v:2]
INFO: [Synth 8-638] synthesizing module 'disp_hex_mux' [C:/Users/dslog/Documents/College/3C7/3C7-Lab-G/disp_hex_mux.v:2]
	Parameter N bound to: 18 - type: integer 
INFO: [Synth 8-226] default block is never used [C:/Users/dslog/Documents/College/3C7/3C7-Lab-G/disp_hex_mux.v:64]
INFO: [Synth 8-256] done synthesizing module 'disp_hex_mux' (1#1) [C:/Users/dslog/Documents/College/3C7/3C7-Lab-G/disp_hex_mux.v:2]
INFO: [Synth 8-638] synthesizing module 'stop_watch_if' [C:/Users/dslog/Documents/College/3C7/3C7-Lab-G/stop_watch_if.v:2]
	Parameter DVSR bound to: 10000000 - type: integer 
INFO: [Synth 8-256] done synthesizing module 'stop_watch_if' (2#1) [C:/Users/dslog/Documents/College/3C7/3C7-Lab-G/stop_watch_if.v:2]
INFO: [Synth 8-256] done synthesizing module 'stop_watch_test' (3#1) [C:/Users/dslog/Documents/College/3C7/3C7-Lab-G/stop_watch_test.v:2]
WARNING: [Synth 8-3331] design disp_hex_mux has unconnected port dp_in[4]
---------------------------------------------------------------------------------
Finished RTL Elaboration : Time (s): cpu = 00:00:11 ; elapsed = 00:00:12 . Memory (MB): peak = 415.734 ; gain = 149.379
---------------------------------------------------------------------------------

Report Check Netlist: 
+------+------------------+-------+---------+-------+------------------+
|      |Item              |Errors |Warnings |Status |Description       |
+------+------------------+-------+---------+-------+------------------+
|1     |multi_driven_nets |      0|        0|Passed |Multi driven nets |
+------+------------------+-------+---------+-------+------------------+
---------------------------------------------------------------------------------
Finished RTL Optimization Phase 1 : Time (s): cpu = 00:00:11 ; elapsed = 00:00:13 . Memory (MB): peak = 415.734 ; gain = 149.379
---------------------------------------------------------------------------------
INFO: [Device 21-403] Loading part xc7a35tcpg236-1
INFO: [Project 1-570] Preparing netlist for logic optimization

Processing XDC Constraints
Initializing timing engine
Parsing XDC File [C:/Users/dslog/Documents/College/3C7/3C7-Lab-G/Basys3.xdc]
Finished Parsing XDC File [C:/Users/dslog/Documents/College/3C7/3C7-Lab-G/Basys3.xdc]
INFO: [Project 1-236] Implementation specific constraints were found while reading constraint file [C:/Users/dslog/Documents/College/3C7/3C7-Lab-G/Basys3.xdc]. These constraints will be ignored for synthesis but will be used in implementation. Impacted constraints are listed in the file [.Xil/stop_watch_test_propImpl.xdc].
Resolution: To avoid this warning, move constraints listed in [.Xil/stop_watch_test_propImpl.xdc] to another XDC file and exclude this new file from synthesis with the used_in_synthesis property (File Properties dialog in GUI) and re-run elaboration/synthesis.
Completed Processing XDC Constraints

INFO: [Project 1-111] Unisim Transformation Summary:
No Unisim elements were transformed.

Constraint Validation Runtime : Time (s): cpu = 00:00:00 ; elapsed = 00:00:00.007 . Memory (MB): peak = 750.324 ; gain = 0.000
---------------------------------------------------------------------------------
Finished Constraint Validation : Time (s): cpu = 00:00:30 ; elapsed = 00:00:35 . Memory (MB): peak = 750.324 ; gain = 483.969
---------------------------------------------------------------------------------
---------------------------------------------------------------------------------
Start Loading Part and Timing Information
---------------------------------------------------------------------------------
Loading part: xc7a35tcpg236-1
---------------------------------------------------------------------------------
Finished Loading Part and Timing Information : Time (s): cpu = 00:00:30 ; elapsed = 00:00:35 . Memory (MB): peak = 750.324 ; gain = 483.969
---------------------------------------------------------------------------------
---------------------------------------------------------------------------------
Start Applying 'set_property' XDC Constraints
---------------------------------------------------------------------------------
---------------------------------------------------------------------------------
Finished applying 'set_property' XDC Constraints : Time (s): cpu = 00:00:30 ; elapsed = 00:00:35 . Memory (MB): peak = 750.324 ; gain = 483.969
---------------------------------------------------------------------------------
WARNING: [Synth 8-6014] Unused sequential element q_reg_reg was removed.  [C:/Users/dslog/Documents/College/3C7/3C7-Lab-G/disp_hex_mux.v:24]
INFO: [Synth 8-5546] ROM "ms_tick" won't be mapped to RAM because it is too sparse
WARNING: [Synth 8-6014] Unused sequential element ms_reg_reg was removed.  [C:/Users/dslog/Documents/College/3C7/3C7-Lab-G/stop_watch_if.v:21]
WARNING: [Synth 8-6014] Unused sequential element d3_reg_reg was removed.  [C:/Users/dslog/Documents/College/3C7/3C7-Lab-G/stop_watch_if.v:22]
WARNING: [Synth 8-6014] Unused sequential element d2_reg_reg was removed.  [C:/Users/dslog/Documents/College/3C7/3C7-Lab-G/stop_watch_if.v:23]
WARNING: [Synth 8-6014] Unused sequential element d1_reg_reg was removed.  [C:/Users/dslog/Documents/College/3C7/3C7-Lab-G/stop_watch_if.v:24]
WARNING: [Synth 8-6014] Unused sequential element d0_reg_reg was removed.  [C:/Users/dslog/Documents/College/3C7/3C7-Lab-G/stop_watch_if.v:25]
---------------------------------------------------------------------------------
Finished RTL Optimization Phase 2 : Time (s): cpu = 00:00:30 ; elapsed = 00:00:35 . Memory (MB): peak = 750.324 ; gain = 483.969
---------------------------------------------------------------------------------

Report RTL Partitions: 
+-+--------------+------------+----------+
| |RTL Partition |Replication |Instances |
+-+--------------+------------+----------+
+-+--------------+------------+----------+
---------------------------------------------------------------------------------
Start RTL Component Statistics 
---------------------------------------------------------------------------------
Detailed RTL Component Info : 
+---Adders : 
	   2 Input      4 Bit       Adders := 4     
+---Registers : 
	                4 Bit    Registers := 4     
+---Muxes : 
	   4 Input      4 Bit        Muxes := 2     
	   4 Input      1 Bit        Muxes := 1     
	   2 Input      1 Bit        Muxes := 5     
---------------------------------------------------------------------------------
Finished RTL Component Statistics 
---------------------------------------------------------------------------------
---------------------------------------------------------------------------------
Start RTL Hierarchical Component Statistics 
---------------------------------------------------------------------------------
Hierarchical RTL Component report 
Module disp_hex_mux 
Detailed RTL Component Info : 
+---Muxes : 
	   4 Input      4 Bit        Muxes := 2     
	   4 Input      1 Bit        Muxes := 1     
Module stop_watch_if 
Detailed RTL Component Info : 
+---Adders : 
	   2 Input      4 Bit       Adders := 4     
+---Registers : 
	                4 Bit    Registers := 4     
+---Muxes : 
	   2 Input      1 Bit        Muxes := 5     
---------------------------------------------------------------------------------
Finished RTL Hierarchical Component Statistics
---------------------------------------------------------------------------------
---------------------------------------------------------------------------------
Start Part Resource Summary
---------------------------------------------------------------------------------
Part Resources:
DSPs: 90 (col length:60)
BRAMs: 100 (col length: RAMB18 60 RAMB36 30)
---------------------------------------------------------------------------------
Finished Part Resource Summary
---------------------------------------------------------------------------------
---------------------------------------------------------------------------------
Start Cross Boundary and Area Optimization
---------------------------------------------------------------------------------
INFO: [Synth 8-5546] ROM "counter_unit/ms_tick" won't be mapped to RAM because it is too sparse
WARNING: [Synth 8-6014] Unused sequential element disp_unit/q_reg_reg was removed.  [C:/Users/dslog/Documents/College/3C7/3C7-Lab-G/disp_hex_mux.v:24]
WARNING: [Synth 8-6014] Unused sequential element counter_unit/ms_reg_reg was removed.  [C:/Users/dslog/Documents/College/3C7/3C7-Lab-G/stop_watch_if.v:21]
WARNING: [Synth 8-6014] Unused sequential element counter_unit/d0_reg_reg was removed.  [C:/Users/dslog/Documents/College/3C7/3C7-Lab-G/stop_watch_if.v:25]
WARNING: [Synth 8-6014] Unused sequential element counter_unit/d1_reg_reg was removed.  [C:/Users/dslog/Documents/College/3C7/3C7-Lab-G/stop_watch_if.v:24]
WARNING: [Synth 8-6014] Unused sequential element counter_unit/d2_reg_reg was removed.  [C:/Users/dslog/Documents/College/3C7/3C7-Lab-G/stop_watch_if.v:23]
WARNING: [Synth 8-6014] Unused sequential element counter_unit/d3_reg_reg was removed.  [C:/Users/dslog/Documents/College/3C7/3C7-Lab-G/stop_watch_if.v:22]
---------------------------------------------------------------------------------
Finished Cross Boundary and Area Optimization : Time (s): cpu = 00:00:32 ; elapsed = 00:00:37 . Memory (MB): peak = 750.324 ; gain = 483.969
---------------------------------------------------------------------------------

Report RTL Partitions: 
+-+--------------+------------+----------+
| |RTL Partition |Replication |Instances |
+-+--------------+------------+----------+
+-+--------------+------------+----------+
---------------------------------------------------------------------------------
Start Applying XDC Timing Constraints
---------------------------------------------------------------------------------
---------------------------------------------------------------------------------
Finished Applying XDC Timing Constraints : Time (s): cpu = 00:00:46 ; elapsed = 00:00:52 . Memory (MB): peak = 750.324 ; gain = 483.969
---------------------------------------------------------------------------------
---------------------------------------------------------------------------------
Start Timing Optimization
---------------------------------------------------------------------------------
---------------------------------------------------------------------------------
Finished Timing Optimization : Time (s): cpu = 00:00:46 ; elapsed = 00:00:52 . Memory (MB): peak = 751.168 ; gain = 484.813
---------------------------------------------------------------------------------

Report RTL Partitions: 
+-+--------------+------------+----------+
| |RTL Partition |Replication |Instances |
+-+--------------+------------+----------+
+-+--------------+------------+----------+
---------------------------------------------------------------------------------
Start Technology Mapping
---------------------------------------------------------------------------------
---------------------------------------------------------------------------------
Finished Technology Mapping : Time (s): cpu = 00:00:47 ; elapsed = 00:00:53 . Memory (MB): peak = 760.781 ; gain = 494.426
---------------------------------------------------------------------------------

Report RTL Partitions: 
+-+--------------+------------+----------+
| |RTL Partition |Replication |Instances |
+-+--------------+------------+----------+
+-+--------------+------------+----------+
---------------------------------------------------------------------------------
Start IO Insertion
---------------------------------------------------------------------------------
---------------------------------------------------------------------------------
Start Flattening Before IO Insertion
---------------------------------------------------------------------------------
---------------------------------------------------------------------------------
Finished Flattening Before IO Insertion
---------------------------------------------------------------------------------
---------------------------------------------------------------------------------
Start Final Netlist Cleanup
---------------------------------------------------------------------------------
---------------------------------------------------------------------------------
Finished Final Netlist Cleanup
---------------------------------------------------------------------------------
---------------------------------------------------------------------------------
Finished IO Insertion : Time (s): cpu = 00:00:48 ; elapsed = 00:00:54 . Memory (MB): peak = 760.781 ; gain = 494.426
---------------------------------------------------------------------------------

Report Check Netlist: 
+------+------------------+-------+---------+-------+------------------+
|      |Item              |Errors |Warnings |Status |Description       |
+------+------------------+-------+---------+-------+------------------+
|1     |multi_driven_nets |      0|        0|Passed |Multi driven nets |
+------+------------------+-------+---------+-------+------------------+
---------------------------------------------------------------------------------
Start Renaming Generated Instances
---------------------------------------------------------------------------------
---------------------------------------------------------------------------------
Finished Renaming Generated Instances : Time (s): cpu = 00:00:48 ; elapsed = 00:00:54 . Memory (MB): peak = 760.781 ; gain = 494.426
---------------------------------------------------------------------------------

Report RTL Partitions: 
+-+--------------+------------+----------+
| |RTL Partition |Replication |Instances |
+-+--------------+------------+----------+
+-+--------------+------------+----------+
---------------------------------------------------------------------------------
Start Rebuilding User Hierarchy
---------------------------------------------------------------------------------
---------------------------------------------------------------------------------
Finished Rebuilding User Hierarchy : Time (s): cpu = 00:00:48 ; elapsed = 00:00:54 . Memory (MB): peak = 760.781 ; gain = 494.426
---------------------------------------------------------------------------------
---------------------------------------------------------------------------------
Start Renaming Generated Ports
---------------------------------------------------------------------------------
---------------------------------------------------------------------------------
Finished Renaming Generated Ports : Time (s): cpu = 00:00:48 ; elapsed = 00:00:54 . Memory (MB): peak = 760.781 ; gain = 494.426
---------------------------------------------------------------------------------
---------------------------------------------------------------------------------
Start Handling Custom Attributes
---------------------------------------------------------------------------------
---------------------------------------------------------------------------------
Finished Handling Custom Attributes : Time (s): cpu = 00:00:48 ; elapsed = 00:00:54 . Memory (MB): peak = 760.781 ; gain = 494.426
---------------------------------------------------------------------------------
---------------------------------------------------------------------------------
Start Renaming Generated Nets
---------------------------------------------------------------------------------
---------------------------------------------------------------------------------
Finished Renaming Generated Nets : Time (s): cpu = 00:00:48 ; elapsed = 00:00:54 . Memory (MB): peak = 760.781 ; gain = 494.426
---------------------------------------------------------------------------------
---------------------------------------------------------------------------------
Start Writing Synthesis Report
---------------------------------------------------------------------------------

Report BlackBoxes: 
+-+--------------+----------+
| |BlackBox name |Instances |
+-+--------------+----------+
+-+--------------+----------+

Report Cell Usage: 
+------+-------+------+
|      |Cell   |Count |
+------+-------+------+
|1     |BUFG   |     1|
|2     |CARRY4 |    11|
|3     |LUT1   |     7|
|4     |LUT2   |     8|
|5     |LUT3   |     4|
|6     |LUT4   |    26|
|7     |LUT5   |     4|
|8     |LUT6   |     9|
|9     |FDRE   |    58|
|10    |IBUF   |     3|
|11    |OBUF   |    12|
+------+-------+------+

Report Instance Areas: 
+------+---------------+--------------+------+
|      |Instance       |Module        |Cells |
+------+---------------+--------------+------+
|1     |top            |              |   143|
|2     |  counter_unit |stop_watch_if |    98|
|3     |  disp_unit    |disp_hex_mux  |    29|
+------+---------------+--------------+------+
---------------------------------------------------------------------------------
Finished Writing Synthesis Report : Time (s): cpu = 00:00:49 ; elapsed = 00:00:54 . Memory (MB): peak = 760.781 ; gain = 494.426
---------------------------------------------------------------------------------
Synthesis finished with 0 errors, 0 critical warnings and 12 warnings.
Synthesis Optimization Runtime : Time (s): cpu = 00:00:28 ; elapsed = 00:00:41 . Memory (MB): peak = 760.781 ; gain = 159.836
Synthesis Optimization Complete : Time (s): cpu = 00:00:49 ; elapsed = 00:00:55 . Memory (MB): peak = 760.781 ; gain = 494.426
INFO: [Project 1-571] Translating synthesized netlist
INFO: [Netlist 29-17] Analyzing 14 Unisim elements for replacement
INFO: [Netlist 29-28] Unisim Transformation completed in 0 CPU seconds
INFO: [Project 1-570] Preparing netlist for logic optimization
INFO: [Opt 31-138] Pushed 0 inverter(s) to 0 load pin(s).
INFO: [Project 1-111] Unisim Transformation Summary:
No Unisim elements were transformed.

INFO: [Common 17-83] Releasing license: Synthesis
21 Infos, 13 Warnings, 0 Critical Warnings and 0 Errors encountered.
synth_design completed successfully
synth_design: Time (s): cpu = 00:00:51 ; elapsed = 00:01:00 . Memory (MB): peak = 760.781 ; gain = 506.359
INFO: [Common 17-1381] The checkpoint 'C:/Users/dslog/Documents/College/3C7/3C7-Lab-G/Lab-G.runs/synth_1/stop_watch_test.dcp' has been generated.
INFO: [runtcl-4] Executing : report_utilization -file stop_watch_test_utilization_synth.rpt -pb stop_watch_test_utilization_synth.pb
report_utilization: Time (s): cpu = 00:00:00 ; elapsed = 00:00:00.168 . Memory (MB): peak = 760.781 ; gain = 0.000
INFO: [Common 17-206] Exiting Vivado at Tue Mar 26 20:45:22 2019...
